 schemaname |             tablename              |    size    | column_count 
------------+------------------------------------+------------+--------------
 public     | act_unified_knowledge              | 16 kB      |            7
 public     | activity_feed                      | 72 kB      |           23
 public     | agent_actions                      | 40 kB      |            8
 public     | agent_metrics                      | 40 kB      |           12
 public     | ai_models                          | 96 kB      |           29
 public     | airtable_quotes                    | 328 kB     |            7
 public     | analysis_results                   | 96 kB      |           17
 public     | analysis_sessions                  | 96 kB      |           35
 public     | annual_report_stories              | 40 kB      |           14
 public     | annual_reports                     | 56 kB      |           51
 public     | api_configurations                 | 48 kB      |           23
 public     | api_endpoints                      | 48 kB      |           29
 public     | api_rate_limits                    | 24 kB      |           16
 public     | api_request_log                    | 24 kB      |           28
 public     | api_resolvers                      | 48 kB      |           21
 public     | api_schema_definitions             | 40 kB      |           15
 public     | approval_requests                  | 40 kB      |           13
 public     | audit_log                          | 144 kB     |           16
 public     | backup_cleanup_log                 | 64 kB      |           18
 public     | backup_config                      | 48 kB      |           25
 public     | backup_execution_log               | 32 kB      |           22
 public     | backup_integrity_checks            | 32 kB      |           23
 public     | backup_restoration_tests           | 32 kB      |           30
 public     | bank_transfers                     | 56 kB      |           11
 public     | bas_preparations                   | 48 kB      |           18
 public     | bas_tracking                       | 64 kB      |           32
 public     | bronze_interactions_raw            | 16 kB      |            7
 public     | bronze_stories_raw                 | 48 kB      |           14
 public     | cashflow_forecasts                 | 40 kB      |           15
 public     | categorisation_rules               | 80 kB      |           12
 public     | chunk_relationships                | 48 kB      |           10
 public     | chunk_topics                       | 48 kB      |           12
 public     | collaborative_annotations          | 96 kB      |           22
 public     | collaborative_sessions             | 40 kB      |           22
 public     | collection_documents               | 96 kB      |           17
 public     | comment_reactions                  | 40 kB      |            6
 public     | comments                           | 56 kB      |           36
 public     | communities                        | 48 kB      |            7
 public     | community_data_governance          | 16 kB      |           17
 public     | community_research_projects        | 16 kB      |            8
 public     | connection_metrics                 | 8192 bytes |           22
 public     | connection_pools                   | 48 kB      |           32
 public     | cultural_locations                 | 16 kB      |           19
 public     | cultural_tags                      | 96 kB      |           15
 public     | data_access_log                    | 96 kB      |           17
 public     | data_governance_policies           | 64 kB      |           23
 public     | data_lineage                       | 64 kB      |           19
 public     | data_lineage_tracking              | 16 kB      |           14
 public     | data_quality_metrics               | 48 kB      |           18
 public     | data_quality_results               | 24 kB      |           21
 public     | data_quality_rules                 | 64 kB      |           20
 public     | database_indexes                   | 48 kB      |           24
 public     | disaster_recovery_config           | 48 kB      |           21
 public     | discovered_subscriptions           | 72 kB      |           18
 public     | document_change_log                | 96 kB      |           24
 public     | document_chunks                    | 232 kB     |           33
 public     | document_collection_items          | 80 kB      |           11
 public     | document_collections               | 88 kB      |           17
 public     | document_comments                  | 56 kB      |           34
 public     | document_edit_sessions             | 96 kB      |           21
 public     | document_edits                     | 48 kB      |           25
 public     | document_quotes                    | 224 kB     |           52
 public     | document_relationships             | 80 kB      |           11
 public     | document_tag_assignments           | 72 kB      |            9
 public     | document_tags                      | 80 kB      |           14
 public     | document_themes                    | 200 kB     |           35
 public     | document_versions                  | 80 kB      |           15
 public     | documents                          | 96 kB      |           51
 public     | financial_exceptions               | 48 kB      |           15
 public     | financial_intelligence_insights    | 72 kB      |           25
 public     | financial_transactions             | 128 kB     |           50
 public     | galleries                          | 48 kB      |            8
 public     | gallery_media_associations         | 48 kB      |            8
 public     | global_themes                      | 128 kB     |           19
 public     | gold_community_empowerment_metrics | 32 kB      |           28
 public     | gold_community_intelligence        | 24 kB      |           20
 public     | gold_impact_attribution            | 32 kB      |           23
 public     | load_balancer_config               | 48 kB      |           24
 public     | locations                          | 80 kB      |            7
 public     | manual_review_tasks                | 40 kB      |           14
 public     | media_assets                       | 88 kB      |           21
 public     | media_usage_tracking               | 144 kB     |           14
 public     | mentions                           | 32 kB      |            8
 public     | migration_environments             | 24 kB      |           20
 public     | migration_execution_log            | 32 kB      |           26
 public     | migration_locks                    | 96 kB      |           15
 public     | migration_phases                   | 96 kB      |           28
 public     | migration_rollbacks                | 16 kB      |           23
 public     | migration_validation_rules         | 24 kB      |           14
 public     | model_performance_metrics          | 48 kB      |           21
 public     | monitoring_alerts                  | 32 kB      |           16
 public     | monitoring_config                  | 48 kB      |           21
 public     | monitoring_metrics                 | 32 kB      |           11
 public     | notification_queue                 | 48 kB      |           13
 public     | notifications                      | 48 kB      |           24
 public     | organization_invitations           | 64 kB      |           12
 public     | organization_members               | 56 kB      |           15
 public     | organization_services              | 48 kB      |           19
 public     | organizations                      | 48 kB      |            4
 public     | person_identity_map                | 40 kB      |            9
 public     | point_in_time_recovery             | 32 kB      |           24
 public     | policy_violations                  | 48 kB      |           14
 public     | profile_locations                  | 40 kB      |            5
 public     | profile_media_associations         | 48 kB      |           11
 public     | profile_organizations              | 112 kB     |           10
 public     | profiles                           | 240 kB     |           55
 public     | query_performance                  | 40 kB      |           25
 public     | query_performance_log              | 32 kB      |           22
 public     | quote_annotations                  | 40 kB      |           16
 public     | quote_relationships                | 48 kB      |           13
 public     | quotes                             | 432 kB     |           14
 public     | rd_activity_log                    | 112 kB     |           15
 public     | rdti_activities                    | 40 kB      |           12
 public     | rdti_evidence                      | 40 kB      |           10
 public     | realtime_cursors                   | 48 kB      |           15
 public     | realtime_notifications             | 24 kB      |           22
 public     | replication_config                 | 96 kB      |           27
 public     | replication_monitoring             | 56 kB      |           18
 public     | report_board_members               | 32 kB      |           13
 public     | report_cultural_content            | 32 kB      |           25
 public     | report_feedback                    | 16 kB      |           16
 public     | report_highlights                  | 40 kB      |           22
 public     | report_leadership_messages         | 32 kB      |           18
 public     | report_partners                    | 32 kB      |           15
 public     | report_sections                    | 32 kB      |           27
 public     | report_statistics                  | 40 kB      |           19
 public     | report_templates                   | 48 kB      |           17
 public     | research_collaborations            | 96 kB      |           25
 public     | research_collections               | 112 kB     |           32
 public     | research_milestones                | 80 kB      |           22
 public     | research_projects                  | 112 kB     |           33
 public     | resource_usage_metrics             | 24 kB      |           21
 public     | schema_migrations                  | 64 kB      |           28
 public     | search_configurations              | 48 kB      |           17
 public     | search_facets                      | 48 kB      |           17
 public     | search_indexes                     | 24 kB      |           14
 public     | search_performance_metrics         | 40 kB      |           26
 public     | search_queries                     | 40 kB      |           25
 public     | search_result_clicks               | 40 kB      |           13
 public     | session_participants               | 40 kB      |           17
 public     | silver_community_assets            | 32 kB      |           21
 public     | silver_community_connections       | 24 kB      |           14
 public     | silver_community_themes            | 32 kB      |           18
 public     | slow_query_analysis                | 40 kB      |           21
 public     | stories                            | 440 kB     |           24
 public     | stories_media_associations         | 128 kB     |            9
 public     | subscription_analytics             | 40 kB      |           13
 public     | subscription_receipts              | 40 kB      |           17
 public     | sync_events                        | 128 kB     |           18
 public     | sync_events_dead_letter            | 32 kB      |           12
 public     | system_health_dashboard            | 24 kB      |           12
 public     | test_cases                         | 112 kB     |           21
 public     | test_data_sets                     | 40 kB      |           16
 public     | test_execution_results             | 40 kB      |           23
 public     | test_suites                        | 80 kB      |           16
 public     | theme_relationships                | 48 kB      |           13
 public     | user_presence                      | 48 kB      |           18
 public     | user_sessions                      | 96 kB      |           19
 public     | webhook_configurations             | 48 kB      |           23
 public     | xero_contacts                      | 88 kB      |           36
 public     | xero_sync_status                   | 48 kB      |           20
 public     | xero_transactions                  | 72 kB      |           23
 public     | zero_downtime_strategies           | 80 kB      |           18
(163 rows)

