=== DATABASE OVERVIEW ===
 total_tables | total_size 
--------------+------------
          163 | 11 MB
(1 row)


=== CORE STORYTELLING DATA ===

=== ALL TABLES WITH SIZES ===
             tablename              |    size    | columns 
------------------------------------+------------+---------
 stories                            | 440 kB     |      24
 quotes                             | 432 kB     |      14
 airtable_quotes                    | 328 kB     |       7
 profiles                           | 240 kB     |      55
 document_chunks                    | 232 kB     |      33
 document_quotes                    | 224 kB     |      52
 document_themes                    | 200 kB     |      35
 audit_log                          | 144 kB     |      16
 media_usage_tracking               | 144 kB     |      14
 sync_events                        | 128 kB     |      18
 stories_media_associations         | 128 kB     |       9
 financial_transactions             | 128 kB     |      50
 global_themes                      | 128 kB     |      19
 rd_activity_log                    | 112 kB     |      15
 research_collections               | 112 kB     |      32
 test_cases                         | 112 kB     |      21
 profile_organizations              | 112 kB     |      10
 research_projects                  | 112 kB     |      33
 collection_documents               | 96 kB      |      17
 research_collaborations            | 96 kB      |      25
 data_access_log                    | 96 kB      |      17
 replication_config                 | 96 kB      |      27
 collaborative_annotations          | 96 kB      |      22
 document_change_log                | 96 kB      |      24
 document_edit_sessions             | 96 kB      |      21
 migration_locks                    | 96 kB      |      15
 migration_phases                   | 96 kB      |      28
 documents                          | 96 kB      |      51
 ai_models                          | 96 kB      |      29
 analysis_results                   | 96 kB      |      17
 analysis_sessions                  | 96 kB      |      35
 user_sessions                      | 96 kB      |      19
 cultural_tags                      | 96 kB      |      15
 media_assets                       | 88 kB      |      21
 document_collections               | 88 kB      |      17
 xero_contacts                      | 88 kB      |      36
 categorisation_rules               | 80 kB      |      12
 document_tags                      | 80 kB      |      14
 test_suites                        | 80 kB      |      16
 zero_downtime_strategies           | 80 kB      |      18
 document_relationships             | 80 kB      |      11
 research_milestones                | 80 kB      |      22
 document_collection_items          | 80 kB      |      11
 document_versions                  | 80 kB      |      15
 locations                          | 80 kB      |       7
 document_tag_assignments           | 72 kB      |       9
 activity_feed                      | 72 kB      |      23
 xero_transactions                  | 72 kB      |      23
 discovered_subscriptions           | 72 kB      |      18
 financial_intelligence_insights    | 72 kB      |      25
 organization_invitations           | 64 kB      |      12
 backup_cleanup_log                 | 64 kB      |      18
 data_quality_rules                 | 64 kB      |      20
 schema_migrations                  | 64 kB      |      28
 data_governance_policies           | 64 kB      |      23
 data_lineage                       | 64 kB      |      19
 bas_tracking                       | 64 kB      |      32
 replication_monitoring             | 56 kB      |      18
 annual_reports                     | 56 kB      |      51
 document_comments                  | 56 kB      |      34
 organization_members               | 56 kB      |      15
 bank_transfers                     | 56 kB      |      11
 comments                           | 56 kB      |      36
 monitoring_config                  | 48 kB      |      21
 chunk_relationships                | 48 kB      |      10
 chunk_topics                       | 48 kB      |      12
 communities                        | 48 kB      |       7
 theme_relationships                | 48 kB      |      13
 quote_relationships                | 48 kB      |      13
 model_performance_metrics          | 48 kB      |      21
 search_configurations              | 48 kB      |      17
 search_facets                      | 48 kB      |      17
 notifications                      | 48 kB      |      24
 user_presence                      | 48 kB      |      18
 document_edits                     | 48 kB      |      25
 realtime_cursors                   | 48 kB      |      15
 database_indexes                   | 48 kB      |      24
 load_balancer_config               | 48 kB      |      24
 connection_pools                   | 48 kB      |      32
 backup_config                      | 48 kB      |      25
 disaster_recovery_config           | 48 kB      |      21
 api_endpoints                      | 48 kB      |      29
 api_configurations                 | 48 kB      |      23
 webhook_configurations             | 48 kB      |      23
 api_resolvers                      | 48 kB      |      21
 data_quality_metrics               | 48 kB      |      18
 bronze_stories_raw                 | 48 kB      |      14
 organizations                      | 48 kB      |       4
 gallery_media_associations         | 48 kB      |       8
 galleries                          | 48 kB      |       8
 profile_media_associations         | 48 kB      |      11
 policy_violations                  | 48 kB      |      14
 notification_queue                 | 48 kB      |      13
 financial_exceptions               | 48 kB      |      15
 bas_preparations                   | 48 kB      |      18
 report_templates                   | 48 kB      |      17
 organization_services              | 48 kB      |      19
 xero_sync_status                   | 48 kB      |      20
 report_statistics                  | 40 kB      |      19
 collaborative_sessions             | 40 kB      |      22
 rdti_activities                    | 40 kB      |      12
 rdti_evidence                      | 40 kB      |      10
 query_performance                  | 40 kB      |      25
 cashflow_forecasts                 | 40 kB      |      15
 subscription_receipts              | 40 kB      |      17
 agent_metrics                      | 40 kB      |      12
 profile_locations                  | 40 kB      |       5
 search_performance_metrics         | 40 kB      |      26
 quote_annotations                  | 40 kB      |      16
 test_execution_results             | 40 kB      |      23
 test_data_sets                     | 40 kB      |      16
 slow_query_analysis                | 40 kB      |      21
 annual_report_stories              | 40 kB      |      14
 session_participants               | 40 kB      |      17
 api_schema_definitions             | 40 kB      |      15
 subscription_analytics             | 40 kB      |      13
 report_highlights                  | 40 kB      |      22
 comment_reactions                  | 40 kB      |       6
 search_queries                     | 40 kB      |      25
 search_result_clicks               | 40 kB      |      13
 person_identity_map                | 40 kB      |       9
 agent_actions                      | 40 kB      |       8
 manual_review_tasks                | 40 kB      |      14
 approval_requests                  | 40 kB      |      13
 backup_integrity_checks            | 32 kB      |      23
 silver_community_themes            | 32 kB      |      18
 silver_community_assets            | 32 kB      |      21
 gold_impact_attribution            | 32 kB      |      23
 gold_community_empowerment_metrics | 32 kB      |      28
 sync_events_dead_letter            | 32 kB      |      12
 backup_execution_log               | 32 kB      |      22
 report_leadership_messages         | 32 kB      |      18
 query_performance_log              | 32 kB      |      22
 monitoring_alerts                  | 32 kB      |      16
 monitoring_metrics                 | 32 kB      |      11
 mentions                           | 32 kB      |       8
 report_board_members               | 32 kB      |      13
 report_cultural_content            | 32 kB      |      25
 report_partners                    | 32 kB      |      15
 migration_execution_log            | 32 kB      |      26
 report_sections                    | 32 kB      |      27
 backup_restoration_tests           | 32 kB      |      30
 point_in_time_recovery             | 32 kB      |      24
 silver_community_connections       | 24 kB      |      14
 search_indexes                     | 24 kB      |      14
 resource_usage_metrics             | 24 kB      |      21
 realtime_notifications             | 24 kB      |      22
 migration_environments             | 24 kB      |      20
 system_health_dashboard            | 24 kB      |      12
 data_quality_results               | 24 kB      |      21
 api_rate_limits                    | 24 kB      |      16
 api_request_log                    | 24 kB      |      28
 migration_validation_rules         | 24 kB      |      14
 gold_community_intelligence        | 24 kB      |      20
 act_unified_knowledge              | 16 kB      |       7
 community_research_projects        | 16 kB      |       8
 migration_rollbacks                | 16 kB      |      23
 data_lineage_tracking              | 16 kB      |      14
 community_data_governance          | 16 kB      |      17
 bronze_interactions_raw            | 16 kB      |       7
 report_feedback                    | 16 kB      |      16
 cultural_locations                 | 16 kB      |      19
 connection_metrics                 | 8192 bytes |      22
(163 rows)

